app/build/intermediates/manifest_merge_blame_file/release/manifest-merger-blame-release-report.txt
1<?xml version="1.0" encoding="utf-8"?>
2<manifest xmlns:android="http://schemas.android.com/apk/res/android"
3    package="com.on29studio.ekazpraw"
4    android:versionCode="1"
5    android:versionName="1.0" >
6
7    <uses-sdk
8        android:minSdkVersion="14"
8-->src/main/AndroidManifest.xml
9        android:targetSdkVersion="28" />
9-->src/main/AndroidManifest.xml
10
11    <uses-permission android:name="android.permission.INTERNET" />
11-->src/main/AndroidManifest.xml:4:5-67
11-->src/main/AndroidManifest.xml:4:22-64
12
13    <application
13-->src/main/AndroidManifest.xml:5:5-23:19
14        android:allowBackup="true"
14-->src/main/AndroidManifest.xml:6:9-35
15        android:appComponentFactory="android.support.v4.app.CoreComponentFactory"
15-->[com.android.support:support-compat:28.0.0] AndroidManifest.xml:22:18-91
16        android:icon="@mipmap/ic_launcher"
16-->src/main/AndroidManifest.xml:7:9-43
17        android:label="@string/app_name"
17-->src/main/AndroidManifest.xml:8:9-41
18        android:supportsRtl="true"
18-->src/main/AndroidManifest.xml:9:9-35
19        android:theme="@style/AppTheme.NoActionBar" >
19-->src/main/AndroidManifest.xml:10:9-52
20        <activity android:name="com.on29studio.ekazpraw.SplashScreen" >
20-->src/main/AndroidManifest.xml:11:9-16:20
20-->src/main/AndroidManifest.xml:11:19-47
21            <intent-filter>
21-->src/main/AndroidManifest.xml:12:13-15:29
22                <action android:name="android.intent.action.MAIN" />
22-->src/main/AndroidManifest.xml:13:17-69
22-->src/main/AndroidManifest.xml:13:25-66
23
24                <category android:name="android.intent.category.LAUNCHER" />
24-->src/main/AndroidManifest.xml:14:17-77
24-->src/main/AndroidManifest.xml:14:27-74
25            </intent-filter>
26        </activity>
27        <activity android:name="com.on29studio.ekazpraw.DashboardActivity" />
27-->src/main/AndroidManifest.xml:17:9-55
27-->src/main/AndroidManifest.xml:17:19-52
28        <!-- <activity android:name=".LampButtonActivity" /> -->
29        <activity android:name="com.on29studio.ekazpraw.LampActivity" />
29-->src/main/AndroidManifest.xml:19:9-50
29-->src/main/AndroidManifest.xml:19:19-47
30        <activity android:name="com.on29studio.ekazpraw.HelpActivity" />
30-->src/main/AndroidManifest.xml:20:9-50
30-->src/main/AndroidManifest.xml:20:19-47
31        <activity android:name="com.on29studio.ekazpraw.AboutActivity" />
31-->src/main/AndroidManifest.xml:21:9-51
31-->src/main/AndroidManifest.xml:21:19-48
32        <activity android:name="com.on29studio.ekazpraw.ExitActivity" />
32-->src/main/AndroidManifest.xml:22:9-50
32-->src/main/AndroidManifest.xml:22:19-47
33    </application>
34
35</manifest>